RS: Installing archivebox...
RS: CWD=C:\Users\hobo\Desktop\Proxion\proxion-keyring
RS: PYTHONPATH=C:\Users\hobo\Desktop\Proxion\proxion-core\src;.;c:\Users\hobo\Desktop\Proxion\proxion-core\src
RS: Install Output:
[Proxion] Warning: Drive P: not mounted. Storage prep skipped.
[Proxion] archivebox installed successfully.

RS: Installing archivebox...
RS: CWD=C:\Users\hobo\Desktop\Proxion
RS: PYTHONPATH=C:\Users\hobo\Desktop\Proxion\proxion-core\src;.;c:\Users\hobo\Desktop\Proxion\proxion-core\src
RS: Install Output:

RS: Install Error:
C:\Python312\python.exe: Error while finding module specification for 'proxion_keyring.cli' (ModuleNotFoundError: No module named 'proxion_keyring')

RS: Installing adguard...
RS: CWD=C:\Users\hobo\Desktop\Proxion
RS: PYTHONPATH=C:\Users\hobo\Desktop\Proxion;C:\Users\hobo\Desktop\Proxion\proxion-core\src;.;c:\Users\hobo\Desktop\Proxion\proxion-core\src
RS: Install Output:

RS: Install Error:
C:\Python312\python.exe: Error while finding module specification for 'proxion_keyring.cli' (ModuleNotFoundError: No module named 'proxion_keyring')

RS: Installing archivebox...
RS: CWD=C:\Users\hobo\Desktop\Proxion
RS: PYTHONPATH=C:\Users\hobo\Desktop\Proxion;C:\Users\hobo\Desktop\Proxion\proxion-core\src;.;c:\Users\hobo\Desktop\Proxion\proxion-core\src
RS: Install Output:

RS: Install Error:
C:\Python312\python.exe: Error while finding module specification for 'proxion_keyring.cli' (ModuleNotFoundError: No module named 'proxion_keyring')

RS: Installing adguard...
RS: CWD=C:\Users\hobo\Desktop\Proxion
RS: PYTHONPATH=C:\Users\hobo\Desktop\Proxion;C:\Users\hobo\Desktop\Proxion\proxion-core\src;.;c:\Users\hobo\Desktop\Proxion\proxion-core\src
RS: Install Output:

RS: Install Error:
C:\Python312\python.exe: Error while finding module specification for 'proxion_keyring.cli' (ModuleNotFoundError: No module named 'proxion_keyring')

RS: Installing archivebox...
RS: CWD=C:\Users\hobo\Desktop\Proxion
RS: PYTHONPATH=C:\Users\hobo\Desktop\Proxion;C:\Users\hobo\Desktop\Proxion\proxion-core\src;.;c:\Users\hobo\Desktop\Proxion\proxion-core\src
RS: Install Output:

RS: Install Error:
C:\Python312\python.exe: Error while finding module specification for 'proxion_keyring.cli' (ModuleNotFoundError: No module named 'proxion_keyring')

RS: Installing adguard...
RS: CWD=C:\Users\hobo\Desktop\Proxion
RS: PYTHONPATH=C:\Users\hobo\Desktop\Proxion;C:\Users\hobo\Desktop\Proxion\proxion-core\src;.;c:\Users\hobo\Desktop\Proxion\proxion-core\src
RS: Install Output:

RS: Install Error:
C:\Python312\python.exe: Error while finding module specification for 'proxion_keyring.cli' (ModuleNotFoundError: No module named 'proxion_keyring')

RS: Installing adguard...
RS: CWD=C:\Users\hobo\Desktop\Proxion
RS: PYTHONPATH=C:\Users\hobo\Desktop\Proxion;C:\Users\hobo\Desktop\Proxion\proxion-core\src;.;c:\Users\hobo\Desktop\Proxion\proxion-core\src
RS: Install Output:

RS: Install Error:
C:\Python312\python.exe: Error while finding module specification for 'proxion_keyring.cli' (ModuleNotFoundError: No module named 'proxion_keyring')

RS: Installing adguard...
RS: CWD=C:\Users\hobo\Desktop\Proxion
RS: PYTHONPATH=C:\Users\hobo\Desktop\Proxion;C:\Users\hobo\Desktop\Proxion\proxion-core\src;.;c:\Users\hobo\Desktop\Proxion\proxion-core\src
RS: Install Output:

RS: Install Error:
C:\Python312\python.exe: Error while finding module specification for 'proxion_keyring.cli' (ModuleNotFoundError: No module named 'proxion_keyring')

RS: Installing adguard...
RS: CWD=C:\Users\hobo\Desktop\Proxion
RS: PYTHONPATH=C:\Users\hobo\Desktop\Proxion;C:\Users\hobo\Desktop\Proxion\proxion-core\src;.;c:\Users\hobo\Desktop\Proxion\proxion-core\src
RS: Install Output:

RS: Install Error:
C:\Python312\python.exe: Error while finding module specification for 'proxion_keyring.cli' (ModuleNotFoundError: No module named 'proxion_keyring')

RS: Installing archivebox...
RS: CWD=C:\Users\hobo\Desktop\Proxion
RS: PYTHONPATH=C:\Users\hobo\Desktop\Proxion;C:\Users\hobo\Desktop\Proxion\proxion-core\src;.;c:\Users\hobo\Desktop\Proxion\proxion-core\src
RS: Install Output:

RS: Install Error:
C:\Python312\python.exe: Error while finding module specification for 'proxion_keyring.cli' (ModuleNotFoundError: No module named 'proxion_keyring')

RS: Installing calibre...
RS: CWD=C:\Users\hobo\Desktop\Proxion
RS: PYTHONPATH=C:\Users\hobo\Desktop\Proxion;C:\Users\hobo\Desktop\Proxion\proxion-core\src;.;c:\Users\hobo\Desktop\Proxion\proxion-core\src
RS: Install Output:

RS: Install Error:
C:\Python312\python.exe: Error while finding module specification for 'proxion_keyring.cli' (ModuleNotFoundError: No module named 'proxion_keyring')

RS: Installing adguard...
RS: CWD=C:\Users\hobo\Desktop\Proxion
RS: PYTHONPATH=C:\Users\hobo\Desktop\Proxion;C:\Users\hobo\Desktop\Proxion\proxion-core\src;.;c:\Users\hobo\Desktop\Proxion\proxion-core\src
RS: Install Output:

RS: Install Error:
C:\Python312\python.exe: Error while finding module specification for 'proxion_keyring.cli' (ModuleNotFoundError: No module named 'proxion_keyring')

RS: Installing archivebox...
RS: CWD=C:\Users\hobo\Desktop\Proxion
RS: PYTHONPATH=C:\Users\hobo\Desktop\Proxion;C:\Users\hobo\Desktop\Proxion\proxion-core\src;.;c:\Users\hobo\Desktop\Proxion\proxion-core\src
RS: Install Output:

RS: Install Error:
C:\Python312\python.exe: Error while finding module specification for 'proxion_keyring.cli' (ModuleNotFoundError: No module named 'proxion_keyring')

RS: Installing archivebox...
RS: CWD=C:\Users\hobo\Desktop\Proxion
RS: PYTHONPATH=C:\Users\hobo\Desktop\Proxion;C:\Users\hobo\Desktop\Proxion\proxion-core\src;.;c:\Users\hobo\Desktop\Proxion\proxion-core\src
RS: Install Output:

RS: Install Error:
C:\Python312\python.exe: Error while finding module specification for 'proxion_keyring.cli' (ModuleNotFoundError: No module named 'proxion_keyring')

RS: Installing archivebox...
RS: CWD=C:\Users\hobo\Desktop\Proxion
RS: PYTHONPATH=C:\Users\hobo\Desktop\Proxion;C:\Users\hobo\Desktop\Proxion\proxion-core\src;.;c:\Users\hobo\Desktop\Proxion\proxion-core\src
RS: Install Output:

RS: Install Error:
C:\Python312\python.exe: Error while finding module specification for 'proxion_keyring.cli' (ModuleNotFoundError: No module named 'proxion_keyring')

RS: Installing archivebox...
RS: CWD=C:\Users\hobo\Desktop\Proxion
RS: PYTHONPATH=C:\Users\hobo\Desktop\Proxion;C:\Users\hobo\Desktop\Proxion\proxion-core\src;.;c:\Users\hobo\Desktop\Proxion\proxion-core\src
RS: Install Output:

RS: Install Error:
C:\Python312\python.exe: Error while finding module specification for 'proxion_keyring.cli' (ModuleNotFoundError: No module named 'proxion_keyring')

RS: Installing archivebox...
RS: CWD=C:\Users\hobo\Desktop\Proxion
RS: PYTHONPATH=C:\Users\hobo\Desktop\Proxion;C:\Users\hobo\Desktop\Proxion\proxion-core\src;.;c:\Users\hobo\Desktop\Proxion\proxion-core\src
RS: Install Output:

RS: Install Error:
C:\Python312\python.exe: Error while finding module specification for 'proxion_keyring.cli' (ModuleNotFoundError: No module named 'proxion_keyring')

RS: Installing archivebox...
RS: CWD=C:\Users\hobo\Desktop\Proxion
RS: PYTHONPATH=C:\Users\hobo\Desktop\Proxion;C:\Users\hobo\Desktop\Proxion\proxion-core\src;.;c:\Users\hobo\Desktop\Proxion\proxion-core\src
RS: Install Output:

RS: Install Error:
C:\Python312\python.exe: Error while finding module specification for 'proxion_keyring.cli' (ModuleNotFoundError: No module named 'proxion_keyring')

RS: Installing archivebox...
RS: CWD=C:\Users\hobo\Desktop\Proxion
RS: PYTHONPATH=C:\Users\hobo\Desktop\Proxion;C:\Users\hobo\Desktop\Proxion\proxion-core\src;.;c:\Users\hobo\Desktop\Proxion\proxion-core\src
RS: Install Output:

RS: Install Error:
C:\Python312\python.exe: Error while finding module specification for 'proxion_keyring.cli' (ModuleNotFoundError: No module named 'proxion_keyring')

RS: Installing archivebox...
RS: CWD=C:\Users\hobo\Desktop\Proxion
RS: PYTHONPATH=C:\Users\hobo\Desktop\Proxion;C:\Users\hobo\Desktop\Proxion\proxion-core\src;.;c:\Users\hobo\Desktop\Proxion\proxion-core\src
RS: Install Output:

RS: Install Error:
C:\Python312\python.exe: Error while finding module specification for 'proxion_keyring.cli' (ModuleNotFoundError: No module named 'proxion_keyring')

RS: Installing archivebox...
RS: CWD=C:\Users\hobo\Desktop\Proxion
RS: PYTHONPATH=C:\Users\hobo\Desktop\Proxion;C:\Users\hobo\Desktop\Proxion\proxion-core\src;.;c:\Users\hobo\Desktop\Proxion\proxion-core\src
RS: Install Output:

RS: Install Error:
C:\Python312\python.exe: Error while finding module specification for 'proxion_keyring.cli' (ModuleNotFoundError: No module named 'proxion_keyring')

RS: Installing archivebox...
RS: CWD=C:\Users\hobo\Desktop\Proxion
RS: PYTHONPATH=C:\Users\hobo\Desktop\Proxion;C:\Users\hobo\Desktop\Proxion\proxion-core\src;.;c:\Users\hobo\Desktop\Proxion\proxion-core\src
RS: Install Output:

RS: Install Error:
C:\Python312\python.exe: Error while finding module specification for 'proxion_keyring.cli' (ModuleNotFoundError: No module named 'proxion_keyring')

RS: Installing archivebox...
RS: CWD=C:\Users\hobo\Desktop\Proxion
RS: PYTHONPATH=C:\Users\hobo\Desktop\Proxion;C:\Users\hobo\Desktop\Proxion\proxion-core\src;.;c:\Users\hobo\Desktop\Proxion\proxion-core\src
RS: Install Output:

RS: Install Error:
C:\Python312\python.exe: Error while finding module specification for 'proxion_keyring.cli' (ModuleNotFoundError: No module named 'proxion_keyring')

RS: Installing archivebox...
RS: CWD=C:\Users\hobo\Desktop\Proxion
RS: PYTHONPATH=C:\Users\hobo\Desktop\Proxion;C:\Users\hobo\Desktop\Proxion\proxion-core\src;.;c:\Users\hobo\Desktop\Proxion\proxion-core\src
RS: Install Output:

RS: Install Error:
C:\Python312\python.exe: Error while finding module specification for 'proxion_keyring.cli' (ModuleNotFoundError: No module named 'proxion_keyring')

RS: Installing archivebox...
RS: CWD=C:\Users\hobo\Desktop\Proxion
RS: PYTHONPATH=C:\Users\hobo\Desktop\Proxion;C:\Users\hobo\Desktop\Proxion\proxion-core\src;.;c:\Users\hobo\Desktop\Proxion\proxion-core\src
RS: Install Output:

RS: Install Error:
C:\Python312\python.exe: Error while finding module specification for 'proxion_keyring.cli' (ModuleNotFoundError: No module named 'proxion_keyring')

RS: Installing archivebox...
RS: CWD=C:\Users\hobo\Desktop\Proxion
RS: PYTHONPATH=C:\Users\hobo\Desktop\Proxion;C:\Users\hobo\Desktop\Proxion\proxion-core\src;.;c:\Users\hobo\Desktop\Proxion\proxion-core\src
RS: Install Output:

RS: Install Error:
C:\Python312\python.exe: Error while finding module specification for 'proxion_keyring.cli' (ModuleNotFoundError: No module named 'proxion_keyring')

RS: Installing archivebox...
RS: CWD=C:\Users\hobo\Desktop\Proxion
RS: PYTHONPATH=C:\Users\hobo\Desktop\Proxion;C:\Users\hobo\Desktop\Proxion\proxion-core\src;.;c:\Users\hobo\Desktop\Proxion\proxion-core\src
RS: Install Output:

RS: Install Error:
C:\Python312\python.exe: Error while finding module specification for 'proxion_keyring.cli' (ModuleNotFoundError: No module named 'proxion_keyring')

RS: Installing archivebox...
RS: CWD=C:\Users\hobo\Desktop\Proxion
RS: PYTHONPATH=C:\Users\hobo\Desktop\Proxion;C:\Users\hobo\Desktop\Proxion\proxion-core\src;.;c:\Users\hobo\Desktop\Proxion\proxion-core\src
RS: Install Output:

RS: Install Error:
C:\Python312\python.exe: Error while finding module specification for 'proxion_keyring.cli' (ModuleNotFoundError: No module named 'proxion_keyring')

RS: Installing archivebox...
RS: CWD=C:\Users\hobo\Desktop\Proxion
RS: PYTHONPATH=C:\Users\hobo\Desktop\Proxion;C:\Users\hobo\Desktop\Proxion\proxion-core\src;.;c:\Users\hobo\Desktop\Proxion\proxion-core\src
RS: Install Output:

RS: Install Error:
C:\Python312\python.exe: Error while finding module specification for 'proxion_keyring.cli' (ModuleNotFoundError: No module named 'proxion_keyring')

RS: Installing archivebox...
RS: CWD=C:\Users\hobo\Desktop\Proxion
RS: PYTHONPATH=C:\Users\hobo\Desktop\Proxion\proxion-keyring;C:\Users\hobo\Desktop\Proxion\proxion-core\src;.;c:\Users\hobo\Desktop\Proxion\proxion-core\src
RS: Install Output:
[Proxion] Preparing storage at P:\web/archive...
[Proxion] Deploying archivebox on host...
[Proxion] archivebox installed and started successfully.

RS: Installing archivebox...
RS: CWD=C:\Users\hobo\Desktop\Proxion
RS: PYTHONPATH=C:\Users\hobo\Desktop\Proxion\proxion-keyring;C:\Users\hobo\Desktop\Proxion\proxion-core\src;.;c:\Users\hobo\Desktop\Proxion\proxion-core\src
RS: Install Output:
[Proxion] Preparing storage at P:\web/archive...
[Proxion] Configuring archivebox...
[WARN] Failed to auto-provision archivebox: Command '['python', 'C:\\Users\\hobo\\Desktop\\Proxion\\integrations\\archivebox-integration\\start_archivebox.py']' timed out after 60 seconds
[Proxion] Deploying archivebox on host...
[Proxion] archivebox installed and started successfully.

RS: Installing archivebox...
RS: CWD=C:\Users\hobo\Desktop\Proxion
RS: PYTHONPATH=C:\Users\hobo\Desktop\Proxion\proxion-keyring;C:\Users\hobo\Desktop\Proxion\proxion-core\src;.;c:\Users\hobo\Desktop\Proxion\proxion-core\src
RS: Install Output:
[Proxion] Preparing storage at P:\web/archive...
[Proxion] Configuring archivebox...
[WARN] Auto-setup completed with warnings:
======================================================================
[ArchiveBox] Auto-Configuration Starting...
======================================================================
[ArchiveBox] Waiting for container to be ready...
[ArchiveBox] Container is running, waiting for Django...
[ArchiveBox] Creating admin user 'admin'...

Traceback (most recent call last):
  File "C:\Users\hobo\Desktop\Proxion\integrations\archivebox-integration\start_archivebox.py", line 78, in create_superuser_automated
    print(f"[ArchiveBox] \u2705 Admin user created successfully!")
  File "C:\Python312\Lib\encodings\cp1252.py", line 19, in encode
    return codecs.charmap_encode(input,self.errors,encoding_table)[0]
           ^^^^^^^^^^^^^^^^^^^^^^^^^^^^^^^^^^^^^^^^^^^^^^^^^^^^^^^
UnicodeEncodeError: 'charmap' codec can't encode character '\u2705' in position 13: character maps to <undefined>

During handling of the above exception, another exception occurred:

Traceback (most recent call last):
  File "C:\Users\hobo\Desktop\Proxion\integrations\archivebox-integration\start_archivebox.py", line 145, in <module>
    main()
  File "C:\Users\hobo\Desktop\Proxion\integrations\archivebox-integration\start_archivebox.py", line 129, in main
    if create_superuser_automated():
       ^^^^^^^^^^^^^^^^^^^^^^^^^^^^
  File "C:\Users\hobo\Desktop\Proxion\integrations\archivebox-integration\start_archivebox.py", line 108, in create_superuser_automated
    print(f"[ArchiveBox] \u26a0\ufe0f  Error: {e}")
  File "C:\Python312\Lib\encodings\cp1252.py", line 19, in encode
    return codecs.charmap_encode(input,self.errors,encoding_table)[0]
           ^^^^^^^^^^^^^^^^^^^^^^^^^^^^^^^^^^^^^^^^^^^^^^^^^^^^^^^
UnicodeEncodeError: 'charmap' codec can't encode characters in position 13-14: character maps to <undefined>

[Proxion] Deploying archivebox on host...
[Proxion] archivebox installed and started successfully.

RS: Installing archivebox...
RS: CWD=C:\Users\hobo\Desktop\Proxion
RS: PYTHONPATH=C:\Users\hobo\Desktop\Proxion\proxion-keyring;C:\Users\hobo\Desktop\Proxion\proxion-core\src;.;c:\Users\hobo\Desktop\Proxion\proxion-core\src
RS: Install Output:
[Proxion] Preparing storage at P:\web/archive...
[Proxion] Configuring archivebox...
[WARN] Auto-setup completed with warnings:
======================================================================
[ArchiveBox] Auto-Configuration Starting...
======================================================================
[ArchiveBox] Waiting for container to be ready...

Traceback (most recent call last):
  File "C:\Users\hobo\Desktop\Proxion\integrations\archivebox-integration\start_archivebox.py", line 145, in <module>
    main()
  File "C:\Users\hobo\Desktop\Proxion\integrations\archivebox-integration\start_archivebox.py", line 126, in main
    print("[ArchiveBox] \u274c Container failed to start within timeout")
  File "C:\Python312\Lib\encodings\cp1252.py", line 19, in encode
    return codecs.charmap_encode(input,self.errors,encoding_table)[0]
           ^^^^^^^^^^^^^^^^^^^^^^^^^^^^^^^^^^^^^^^^^^^^^^^^^^^^^^^
UnicodeEncodeError: 'charmap' codec can't encode character '\u274c' in position 13: character maps to <undefined>

[Proxion] Deploying archivebox on host...
[Proxion] archivebox installed and started successfully.

RS: Installing archivebox...
RS: CWD=C:\Users\hobo\Desktop\Proxion
RS: PYTHONPATH=C:\Users\hobo\Desktop\Proxion\proxion-keyring;C:\Users\hobo\Desktop\Proxion\proxion-core\src;.;c:\Users\hobo\Desktop\Proxion\proxion-core\src
RS: Install Output:
[Proxion] Preparing storage at P:\web/archive...
[Proxion] Configuring archivebox...
[WARN] Auto-setup completed with warnings:
======================================================================
[ArchiveBox] Auto-Configuration Starting...
======================================================================
[ArchiveBox] Waiting for container to be ready...
[ArchiveBox] Container is running, waiting for Django...
[ArchiveBox] Creating admin user 'admin'...

Traceback (most recent call last):
  File "C:\Users\hobo\Desktop\Proxion\integrations\archivebox-integration\start_archivebox.py", line 78, in create_superuser_automated
    print(f"[ArchiveBox] \u2705 Admin user created successfully!")
  File "C:\Python312\Lib\encodings\cp1252.py", line 19, in encode
    return codecs.charmap_encode(input,self.errors,encoding_table)[0]
           ^^^^^^^^^^^^^^^^^^^^^^^^^^^^^^^^^^^^^^^^^^^^^^^^^^^^^^^
UnicodeEncodeError: 'charmap' codec can't encode character '\u2705' in position 13: character maps to <undefined>

During handling of the above exception, another exception occurred:

Traceback (most recent call last):
  File "C:\Users\hobo\Desktop\Proxion\integrations\archivebox-integration\start_archivebox.py", line 145, in <module>
    main()
  File "C:\Users\hobo\Desktop\Proxion\integrations\archivebox-integration\start_archivebox.py", line 129, in main
    if create_superuser_automated():
       ^^^^^^^^^^^^^^^^^^^^^^^^^^^^
  File "C:\Users\hobo\Desktop\Proxion\integrations\archivebox-integration\start_archivebox.py", line 108, in create_superuser_automated
    print(f"[ArchiveBox] \u26a0\ufe0f  Error: {e}")
  File "C:\Python312\Lib\encodings\cp1252.py", line 19, in encode
    return codecs.charmap_encode(input,self.errors,encoding_table)[0]
           ^^^^^^^^^^^^^^^^^^^^^^^^^^^^^^^^^^^^^^^^^^^^^^^^^^^^^^^
UnicodeEncodeError: 'charmap' codec can't encode characters in position 13-14: character maps to <undefined>

[Proxion] Deploying archivebox on host...
[Proxion] archivebox installed and started successfully.

RS: Installing archivebox...
RS: CWD=C:\Users\hobo\Desktop\Proxion
RS: PYTHONPATH=C:\Users\hobo\Desktop\Proxion\proxion-keyring;C:\Users\hobo\Desktop\Proxion\proxion-core\src;.;c:\Users\hobo\Desktop\Proxion\proxion-core\src
RS: Install Output:
[Proxion] Preparing storage at P:\web/archive...
[Proxion] Configuring archivebox...
[WARN] Auto-setup completed with warnings:
======================================================================
[ArchiveBox] Auto-Configuration Starting...
======================================================================
[ArchiveBox] Waiting for container to be ready...
[ArchiveBox] Container is running, waiting for Django...
[ArchiveBox] Creating admin user 'admin'...

Traceback (most recent call last):
  File "C:\Users\hobo\Desktop\Proxion\integrations\archivebox-integration\start_archivebox.py", line 78, in create_superuser_automated
    print(f"[ArchiveBox] \u2705 Admin user created successfully!")
  File "C:\Python312\Lib\encodings\cp1252.py", line 19, in encode
    return codecs.charmap_encode(input,self.errors,encoding_table)[0]
           ^^^^^^^^^^^^^^^^^^^^^^^^^^^^^^^^^^^^^^^^^^^^^^^^^^^^^^^
UnicodeEncodeError: 'charmap' codec can't encode character '\u2705' in position 13: character maps to <undefined>

During handling of the above exception, another exception occurred:

Traceback (most recent call last):
  File "C:\Users\hobo\Desktop\Proxion\integrations\archivebox-integration\start_archivebox.py", line 145, in <module>
    main()
  File "C:\Users\hobo\Desktop\Proxion\integrations\archivebox-integration\start_archivebox.py", line 129, in main
    if create_superuser_automated():
       ^^^^^^^^^^^^^^^^^^^^^^^^^^^^
  File "C:\Users\hobo\Desktop\Proxion\integrations\archivebox-integration\start_archivebox.py", line 108, in create_superuser_automated
    print(f"[ArchiveBox] \u26a0\ufe0f  Error: {e}")
  File "C:\Python312\Lib\encodings\cp1252.py", line 19, in encode
    return codecs.charmap_encode(input,self.errors,encoding_table)[0]
           ^^^^^^^^^^^^^^^^^^^^^^^^^^^^^^^^^^^^^^^^^^^^^^^^^^^^^^^
UnicodeEncodeError: 'charmap' codec can't encode characters in position 13-14: character maps to <undefined>

[Proxion] Deploying archivebox on host...
[Proxion] archivebox installed and started successfully.

RS: Installing calibre...
RS: CWD=C:\Users\hobo\Desktop\Proxion
RS: PYTHONPATH=C:\Users\hobo\Desktop\Proxion\proxion-keyring;C:\Users\hobo\Desktop\Proxion\proxion-core\src;.;c:\Users\hobo\Desktop\Proxion\proxion-core\src
RS: Install Output:
[Proxion] Preparing storage at P:\apps/calibre...
[Proxion] Deploying calibre on host...
[WARN] Storage prepped, but deployment failed: services must be a mapping


RS: Installing calibre...
RS: CWD=C:\Users\hobo\Desktop\Proxion
RS: PYTHONPATH=C:\Users\hobo\Desktop\Proxion\proxion-keyring;C:\Users\hobo\Desktop\Proxion\proxion-core\src;.;c:\Users\hobo\Desktop\Proxion\proxion-core\src
RS: Install Output:
[Proxion] Preparing storage at P:\apps/calibre...
[Proxion] Deploying calibre on host...
[WARN] Storage prepped, but deployment failed: services must be a mapping


RS: Installing calibre...
RS: CWD=C:\Users\hobo\Desktop\Proxion
RS: PYTHONPATH=C:\Users\hobo\Desktop\Proxion\proxion-keyring;C:\Users\hobo\Desktop\Proxion\proxion-core\src;.;c:\Users\hobo\Desktop\Proxion\proxion-core\src
RS: Install Output:
[Proxion] Preparing storage at P:\apps/calibre...
[Proxion] Deploying calibre on host...
[WARN] Storage prepped, but deployment failed:  calibre-web Pulling 
 fa320a8bcf11 Pulling fs layer 
 f6a4c3e338ed Pulling fs layer 
 d662074283bf Pulling fs layer 
 27d26dfb2332 Pulling fs layer 
 281193377f04 Pulling fs layer 
 5eb77ae98956 Pulling fs layer 
 ead2c5851e51 Pulling fs layer 
 744073494f37 Pulling fs layer 
 7eae13518a93 Pulling fs layer 
 d837980c3515 Pulling fs layer 
 eb350338948a Pulling fs layer 
 27d26dfb2332 Waiting 
 281193377f04 Waiting 
 5eb77ae98956 Waiting 
 ead2c5851e51 Waiting 
 744073494f37 Waiting 
 7eae13518a93 Waiting 
 d837980c3515 Waiting 
 eb350338948a Waiting 
 d662074283bf Downloading [==================================================>]  1.359kB/1.359kB
 d662074283bf Verifying Checksum 
 d662074283bf Download complete 
 f6a4c3e338ed Downloading [===========>                                       ]  1.378kB/6.239kB
 f6a4c3e338ed Downloading [==================================================>]  6.239kB/6.239kB
 f6a4c3e338ed Verifying Checksum 
 f6a4c3e338ed Download complete 
 fa320a8bcf11 Downloading [>                                                  ]    343kB/32.98MB
 fa320a8bcf11 Downloading [=====>                                             ]  3.776MB/32.98MB
 fa320a8bcf11 Downloading [================>                                  ]  10.98MB/32.98MB
 fa320a8bcf11 Downloading [==========================>                        ]  17.16MB/32.98MB
 27d26dfb2332 Downloading [==================================================>]     702B/702B
 27d26dfb2332 Verifying Checksum 
 27d26dfb2332 Download complete 
 281193377f04 Downloading [==================================================>]     428B/428B
 281193377f04 Verifying Checksum 
 281193377f04 Download complete 
 fa320a8bcf11 Downloading [===================================>               ]  23.68MB/32.98MB
 fa320a8bcf11 Downloading [=============================================>     ]  29.87MB/32.98MB
 fa320a8bcf11 Verifying Checksum 
 fa320a8bcf11 Download complete 
 fa320a8bcf11 Extracting [>                                                  ]  360.4kB/32.98MB
 5eb77ae98956 Downloading [==================================================>]     275B/275B
 5eb77ae98956 Verifying Checksum 
 5eb77ae98956 Download complete 
 fa320a8bcf11 Extracting [========>                                          ]  5.767MB/32.98MB
 ead2c5851e51 Downloading [>                                                  ]  163.8kB/14.81MB
 fa320a8bcf11 Extracting [===============>                                   ]  10.09MB/32.98MB
 ead2c5851e51 Downloading [=============>                                     ]  4.089MB/14.81MB
 fa320a8bcf11 Extracting [===================>                               ]  12.98MB/32.98MB
 ead2c5851e51 Downloading [====================>                              ]  6.051MB/14.81MB
 ead2c5851e51 Downloading [======================>                            ]  6.703MB/14.81MB
 fa320a8bcf11 Extracting [==========================>                        ]   17.3MB/32.98MB
 744073494f37 Downloading [==============>                                    ]  1.378kB/4.642kB
 744073494f37 Downloading [==================================================>]  4.642kB/4.642kB
 744073494f37 Verifying Checksum 
 744073494f37 Download complete 
 fa320a8bcf11 Extracting [===============================>                   ]  20.55MB/32.98MB
 ead2c5851e51 Downloading [=========================>                         ]  7.522MB/14.81MB
 ead2c5851e51 Downloading [=============================>                     ]  8.833MB/14.81MB
 fa320a8bcf11 Extracting [=====================================>             ]  24.51MB/32.98MB
 7eae13518a93 Downloading [>                                                  ]  538.1kB/216.1MB
 ead2c5851e51 Downloading [==================================>                ]   10.3MB/14.81MB
 fa320a8bcf11 Extracting [==========================================>        ]  28.11MB/32.98MB
 7eae13518a93 Downloading [>                                                  ]  2.159MB/216.1MB
 ead2c5851e51 Downloading [====================================>              ]  10.94MB/14.81MB
 fa320a8bcf11 Extracting [===========================================>       ]  28.84MB/32.98MB
 ead2c5851e51 Downloading [=======================================>           ]  11.75MB/14.81MB
 7eae13518a93 Downloading [>                                                  ]  3.235MB/216.1MB
 d837980c3515 Downloading [===========================>                       ]  1.378kB/2.516kB
 d837980c3515 Downloading [==================================================>]  2.516kB/2.516kB
 d837980c3515 Download complete 
 ead2c5851e51 Downloading [============================================>      ]  13.23MB/14.81MB
 7eae13518a93 Downloading [=>                                                 ]  5.385MB/216.1MB
 fa320a8bcf11 Extracting [==============================================>    ]     31MB/32.98MB
 ead2c5851e51 Verifying Checksum 
 ead2c5851e51 Download complete 
 7eae13518a93 Downloading [=>                                                 ]  8.622MB/216.1MB
 fa320a8bcf11 Extracting [================================================>  ]  32.08MB/32.98MB
 7eae13518a93 Downloading [==>                                                ]  10.78MB/216.1MB
 fa320a8bcf11 Extracting [=================================================> ]   32.8MB/32.98MB
 7eae13518a93 Downloading [==>                                                ]  12.94MB/216.1MB
 eb350338948a Downloading [>                                                  ]  6.869kB/608.7kB
 fa320a8bcf11 Extracting [==================================================>]  32.98MB/32.98MB
 eb350338948a Downloading [==================================================>]  608.7kB/608.7kB
 eb350338948a Verifying Checksum 
 eb350338948a Download complete 
 7eae13518a93 Downloading [===>                                               ]  14.56MB/216.1MB
 fa320a8bcf11 Pull complete 
 f6a4c3e338ed Extracting [==================================================>]  6.239kB/6.239kB
 f6a4c3e338ed Extracting [==================================================>]  6.239kB/6.239kB
 f6a4c3e338ed Pull complete 
 d662074283bf Extracting [==================================================>]  1.359kB/1.359kB
 d662074283bf Extracting [==================================================>]  1.359kB/1.359kB
 d662074283bf Pull complete 
 27d26dfb2332 Extracting [==================================================>]     702B/702B
 27d26dfb2332 Extracting [==================================================>]     702B/702B
 27d26dfb2332 Pull complete 
 281193377f04 Extracting [==================================================>]     428B/428B
 281193377f04 Extracting [==================================================>]     428B/428B
 281193377f04 Pull complete 
 5eb77ae98956 Extracting [==================================================>]     275B/275B
 5eb77ae98956 Extracting [==================================================>]     275B/275B
 7eae13518a93 Downloading [===>                                               ]  16.71MB/216.1MB
 5eb77ae98956 Pull complete 
 ead2c5851e51 Extracting [>                                                  ]  163.8kB/14.81MB
 ead2c5851e51 Extracting [====>                                              ]  1.311MB/14.81MB
 7eae13518a93 Downloading [====>                                              ]  18.33MB/216.1MB
 ead2c5851e51 Extracting [==============>                                    ]   4.26MB/14.81MB
 7eae13518a93 Downloading [====>                                              ]  20.49MB/216.1MB
 ead2c5851e51 Extracting [===========================>                       ]  8.028MB/14.81MB
 ead2c5851e51 Extracting [===================================>               ]  10.49MB/14.81MB
 7eae13518a93 Downloading [=====>                                             ]  22.65MB/216.1MB
 ead2c5851e51 Extracting [========================================>          ]  12.12MB/14.81MB
 7eae13518a93 Downloading [=====>                                             ]  24.81MB/216.1MB
 ead2c5851e51 Extracting [=============================================>     ]  13.43MB/14.81MB
 7eae13518a93 Downloading [=====>                                             ]  25.89MB/216.1MB
 7eae13518a93 Downloading [======>                                            ]  28.59MB/216.1MB
 ead2c5851e51 Extracting [================================================>  ]  14.25MB/14.81MB
 ead2c5851e51 Extracting [==================================================>]  14.81MB/14.81MB
 7eae13518a93 Downloading [=======>                                           ]  31.29MB/216.1MB
 ead2c5851e51 Pull complete 
 744073494f37 Extracting [==================================================>]  4.642kB/4.642kB
 744073494f37 Extracting [==================================================>]  4.642kB/4.642kB
 744073494f37 Pull complete 
 7eae13518a93 Downloading [=======>                                           ]  33.99MB/216.1MB
 7eae13518a93 Downloading [========>                                          ]  36.69MB/216.1MB
 7eae13518a93 Downloading [=========>                                         ]  39.38MB/216.1MB
 7eae13518a93 Downloading [=========>                                         ]  42.08MB/216.1MB
 7eae13518a93 Downloading [==========>                                        ]  44.78MB/216.1MB
 7eae13518a93 Downloading [==========>                                        ]  47.48MB/216.1MB
 7eae13518a93 Downloading [===========>                                       ]  50.18MB/216.1MB
 7eae13518a93 Downloading [============>                                      ]  52.88MB/216.1MB
 7eae13518a93 Downloading [============>                                      ]  54.49MB/216.1MB
 7eae13518a93 Downloading [=============>                                     ]  56.65MB/216.1MB
 7eae13518a93 Downloading [=============>                                     ]  59.35MB/216.1MB
 7eae13518a93 Downloading [==============>                                    ]   61.5MB/216.1MB
 7eae13518a93 Downloading [==============>                                    ]   64.2MB/216.1MB
 7eae13518a93 Downloading [==============>                                    ]  64.74MB/216.1MB
 7eae13518a93 Downloading [===============>                                   ]  65.29MB/216.1MB
 7eae13518a93 Downloading [===============>                                   ]  66.91MB/216.1MB
 7eae13518a93 Downloading [===============>                                   ]  67.99MB/216.1MB
 7eae13518a93 Downloading [================>                                  ]  69.61MB/216.1MB
 7eae13518a93 Downloading [================>                                  ]  71.77MB/216.1MB
 7eae13518a93 Downloading [=================>                                 ]  73.93MB/216.1MB
 7eae13518a93 Downloading [=================>                                 ]  76.63MB/216.1MB
 7eae13518a93 Downloading [==================>                                ]  78.79MB/216.1MB
 7eae13518a93 Downloading [==================>                                ]  79.87MB/216.1MB
 7eae13518a93 Downloading [==================>                                ]  80.95MB/216.1MB
 7eae13518a93 Downloading [===================>                               ]  83.11MB/216.1MB
 7eae13518a93 Downloading [===================>                               ]  86.35MB/216.1MB
 7eae13518a93 Downloading [====================>                              ]  86.89MB/216.1MB
 7eae13518a93 Downloading [====================>                              ]  90.65MB/216.1MB
 7eae13518a93 Downloading [=====================>                             ]  91.73MB/216.1MB
 7eae13518a93 Downloading [=====================>                             ]  92.81MB/216.1MB
 7eae13518a93 Downloading [=====================>                             ]  94.97MB/216.1MB
 7eae13518a93 Downloading [======================>                            ]  98.75MB/216.1MB
 7eae13518a93 Downloading [=======================>                           ]    102MB/216.1MB
 7eae13518a93 Downloading [=======================>                           ]  103.6MB/216.1MB
 7eae13518a93 Downloading [========================>                          ]  105.2MB/216.1MB
 7eae13518a93 Downloading [========================>                          ]  107.4MB/216.1MB
 7eae13518a93 Downloading [=========================>                         ]    109MB/216.1MB
 7eae13518a93 Downloading [=========================>                         ]  111.7MB/216.1MB
 7eae13518a93 Downloading [==========================>                        ]    116MB/216.1MB
 7eae13518a93 Downloading [===========================>                       ]  119.8MB/216.1MB
 7eae13518a93 Downloading [============================>                      ]  123.6MB/216.1MB
 7eae13518a93 Downloading [=============================>                     ]  127.3MB/216.1MB
 7eae13518a93 Downloading [==============================>                    ]  130.6MB/216.1MB
 7eae13518a93 Downloading [==============================>                    ]  132.7MB/216.1MB
 7eae13518a93 Downloading [===============================>                   ]  135.4MB/216.1MB
 7eae13518a93 Downloading [================================>                  ]  140.8MB/216.1MB
 7eae13518a93 Downloading [================================>                  ]  141.9MB/216.1MB
 7eae13518a93 Downloading [=================================>                 ]  143.5MB/216.1MB
 7eae13518a93 Downloading [==================================>                ]  148.9MB/216.1MB
 7eae13518a93 Downloading [===================================>               ]  152.7MB/216.1MB
 7eae13518a93 Downloading [====================================>              ]  156.5MB/216.1MB
 7eae13518a93 Downloading [=====================================>             ]  160.3MB/216.1MB
 7eae13518a93 Downloading [=====================================>             ]    164MB/216.1MB
 7eae13518a93 Downloading [======================================>            ]  167.8MB/216.1MB
 7eae13518a93 Downloading [=======================================>           ]  171.6MB/216.1MB
 7eae13518a93 Downloading [========================================>          ]  175.4MB/216.1MB
 7eae13518a93 Downloading [=========================================>         ]  179.1MB/216.1MB
 7eae13518a93 Downloading [==========================================>        ]  182.9MB/216.1MB
 7eae13518a93 Downloading [===========================================>       ]  187.2MB/216.1MB
 7eae13518a93 Downloading [============================================>      ]    191MB/216.1MB
 7eae13518a93 Downloading [=============================================>     ]  195.3MB/216.1MB
 7eae13518a93 Downloading [==============================================>    ]  199.7MB/216.1MB
 7eae13518a93 Downloading [===============================================>   ]    204MB/216.1MB
 7eae13518a93 Downloading [===============================================>   ]  207.2MB/216.1MB
 7eae13518a93 Downloading [================================================>  ]  209.9MB/216.1MB
 7eae13518a93 Downloading [=================================================> ]  215.9MB/216.1MB
 7eae13518a93 Verifying Checksum 
 7eae13518a93 Download complete 
 7eae13518a93 Extracting [>                                                  ]  557.1kB/216.1MB
 7eae13518a93 Extracting [=>                                                 ]  5.014MB/216.1MB
 7eae13518a93 Extracting [=>                                                 ]  7.799MB/216.1MB
 7eae13518a93 Extracting [==>                                                ]  10.03MB/216.1MB
 7eae13518a93 Extracting [==>                                                ]  12.26MB/216.1MB
 7eae13518a93 Extracting [===>                                               ]   15.6MB/216.1MB
 7eae13518a93 Extracting [====>                                              ]  17.83MB/216.1MB
 7eae13518a93 Extracting [====>                                              ]  21.17MB/216.1MB
 7eae13518a93 Extracting [=====>                                             ]  24.51MB/216.1MB
 7eae13518a93 Extracting [======>                                            ]   27.3MB/216.1MB
 7eae13518a93 Extracting [======>                                            ]  29.52MB/216.1MB
 7eae13518a93 Extracting [=======>                                           ]  33.98MB/216.1MB
 7eae13518a93 Extracting [========>                                          ]  35.65MB/216.1MB
 7eae13518a93 Extracting [=========>                                         ]  42.34MB/216.1MB
 7eae13518a93 Extracting [==========>                                        ]  44.01MB/216.1MB
 7eae13518a93 Extracting [==========>                                        ]  45.12MB/216.1MB
 7eae13518a93 Extracting [===========>                                       ]  48.46MB/216.1MB
 7eae13518a93 Extracting [===========>                                       ]  51.25MB/216.1MB
 7eae13518a93 Extracting [============>                                      ]  54.59MB/216.1MB
 7eae13518a93 Extracting [=============>                                     ]  58.49MB/216.1MB
 7eae13518a93 Extracting [==============>                                    ]  60.72MB/216.1MB
 7eae13518a93 Extracting [==============>                                    ]   63.5MB/216.1MB
 7eae13518a93 Extracting [===============>                                   ]  67.96MB/216.1MB
 7eae13518a93 Extracting [================>                                  ]   71.3MB/216.1MB
 7eae13518a93 Extracting [=================>                                 ]  75.76MB/216.1MB
 7eae13518a93 Extracting [==================>                                ]  77.99MB/216.1MB
 7eae13518a93 Extracting [==================>                                ]  79.66MB/216.1MB
 7eae13518a93 Extracting [===================>                               ]  84.67MB/216.1MB
 7eae13518a93 Extracting [====================>                              ]  89.69MB/216.1MB
 7eae13518a93 Extracting [=====================>                             ]  92.47MB/216.1MB
 7eae13518a93 Extracting [=====================>                             ]  94.14MB/216.1MB
 7eae13518a93 Extracting [======================>                            ]  99.16MB/216.1MB
 7eae13518a93 Extracting [=======================>                           ]  100.8MB/216.1MB
 7eae13518a93 Extracting [========================>                          ]  104.2MB/216.1MB
 7eae13518a93 Extracting [=========================>                         ]    112MB/216.1MB
 7eae13518a93 Extracting [==========================>                        ]  113.6MB/216.1MB
 7eae13518a93 Extracting [==========================>                        ]  115.9MB/216.1MB
 7eae13518a93 Extracting [===========================>                       ]  118.7MB/216.1MB
 7eae13518a93 Extracting [============================>                      ]  125.3MB/216.1MB
 7eae13518a93 Extracting [=============================>                     ]  127.6MB/216.1MB
 7eae13518a93 Extracting [==============================>                    ]  132.6MB/216.1MB
 7eae13518a93 Extracting [===============================>                   ]  135.4MB/216.1MB
 7eae13518a93 Extracting [===============================>                   ]    137MB/216.1MB
 7eae13518a93 Extracting [===============================>                   ]  137.6MB/216.1MB
 7eae13518a93 Extracting [================================>                  ]  140.4MB/216.1MB
 7eae13518a93 Extracting [=================================>                 ]  145.9MB/216.1MB
 7eae13518a93 Extracting [==================================>                ]  148.7MB/216.1MB
 7eae13518a93 Extracting [==================================>                ]    151MB/216.1MB
 7eae13518a93 Extracting [===================================>               ]  152.6MB/216.1MB
 7eae13518a93 Extracting [===================================>               ]  154.9MB/216.1MB
 7eae13518a93 Extracting [====================================>              ]  157.6MB/216.1MB
 7eae13518a93 Extracting [======================================>            ]  165.4MB/216.1MB
 7eae13518a93 Extracting [=======================================>           ]  171.6MB/216.1MB
 7eae13518a93 Extracting [========================================>          ]  174.4MB/216.1MB
 7eae13518a93 Extracting [==========================================>        ]  184.4MB/216.1MB
 7eae13518a93 Extracting [============================================>      ]  191.1MB/216.1MB
 7eae13518a93 Extracting [============================================>      ]  192.7MB/216.1MB
 7eae13518a93 Extracting [==============================================>    ]  199.4MB/216.1MB
 7eae13518a93 Extracting [================================================>  ]  208.3MB/216.1MB
 7eae13518a93 Extracting [================================================>  ]  211.7MB/216.1MB
 7eae13518a93 Extracting [==================================================>]  216.1MB/216.1MB
 7eae13518a93 Extracting [==================================================>]  216.1MB/216.1MB
 7eae13518a93 Pull complete 
 d837980c3515 Extracting [==================================================>]  2.516kB/2.516kB
 d837980c3515 Extracting [==================================================>]  2.516kB/2.516kB
 d837980c3515 Pull complete 
 eb350338948a Extracting [==>                                                ]  32.77kB/608.7kB
 eb350338948a Extracting [==================================================>]  608.7kB/608.7kB
 eb350338948a Extracting [==================================================>]  608.7kB/608.7kB
 eb350338948a Pull complete 
 calibre-web Pulled 
 Network calibre-integration_default  Creating
 Network calibre-integration_default  Created
 Container calibre-web  Creating
Error response from daemon: The volume does not contain a recognized file system.
Please make sure that all required file system drivers are loaded and that the volume is not corrupted.


RS: Installing calibre...
RS: CWD=C:\Users\hobo\Desktop\Proxion
RS: PYTHONPATH=C:\Users\hobo\Desktop\Proxion\proxion-keyring;C:\Users\hobo\Desktop\Proxion\proxion-core\src;.;c:\Users\hobo\Desktop\Proxion\proxion-core\src
RS: Install Output:
[Proxion] Preparing storage at P:\apps/calibre...
[Proxion] Deploying calibre on host...
[Proxion] calibre installed and started successfully.

RS: Installing changedetection...
RS: CWD=C:\Users\hobo\Desktop\Proxion
RS: PYTHONPATH=C:\Users\hobo\Desktop\Proxion\proxion-keyring;C:\Users\hobo\Desktop\Proxion\proxion-core\src;C:\Users\hobo\Desktop\Proxion\proxion-keyring\;C:\Users\hobo\Desktop\Proxion\proxion-core\src
RS: Install Output:
[Proxion] Preparing storage at P:\web/monitor...
[Proxion] Deploying changedetection on host...
[Proxion] changedetection installed and started successfully.

RS: Installing adguard...
RS: CWD=C:\Users\hobo\Desktop\Proxion
RS: PYTHONPATH=C:\Users\hobo\Desktop\Proxion\proxion-keyring;C:\Users\hobo\Desktop\Proxion\proxion-core\src;C:\Users\hobo\Desktop\Proxion\proxion-keyring\;C:\Users\hobo\Desktop\Proxion\proxion-core\src;.
RS: Install Output:
[Proxion] Preparing storage at P:\network/adguard...
[Proxion] Identity-linked password set for adguard.
[HELP] Dashboard: http://localhost:3002
[HELP] Username:  admin
[HELP] Password:  62249851454ec80d
[Proxion] Deploying adguard on host...
[WARN] Storage prepped, but deployment failed:  Network adguard-integration_default  Creating
 Network adguard-integration_default  Created
 Container adguardhome  Creating
 Container adguardhome  Created
 Container adguardhome  Starting
Error response from daemon: driver failed programming external connectivity on endpoint adguardhome (f600e3aef099e6d0071952abbf941031bb02ee6dc9e07f1504b6b6cbcdf06b91): Bind for 0.0.0.0:3002 failed: port is already allocated


